app/build/outputs/logs/manifest-merger-debug-report.txt
-- Merging decision tree log ---
manifest
ADDED from src/main/AndroidManifest.xml:2:1-76:12
	xmlns:android
		ADDED from src/main/AndroidManifest.xml:2:11-69
	package
		ADDED from src/main/AndroidManifest.xml:4:2-30
		INJECTED from src/main/AndroidManifest.xml
		INJECTED from src/main/AndroidManifest.xml
	android:versionName
		ADDED from src/main/AndroidManifest.xml:3:26-51
	android:versionCode
		ADDED from src/main/AndroidManifest.xml:3:2-25
		INJECTED from src/main/AndroidManifest.xml
		INJECTED from src/main/AndroidManifest.xml
application
ADDED from src/main/AndroidManifest.xml:5:2-72:16
	android:debuggable
		ADDED from src/main/AndroidManifest.xml:7:3-28
	android:icon
		ADDED from src/main/AndroidManifest.xml:8:3-33
	android:theme
		ADDED from src/main/AndroidManifest.xml:6:3-50
	android:name
		ADDED from src/main/AndroidManifest.xml:5:15-71
activity#edu.tufts.cs.mchow.Menu.MainMenu
ADDED from src/main/AndroidManifest.xml:9:3-18:14
	android:screenOrientation
		ADDED from src/main/AndroidManifest.xml:11:5-42
	android:label
		ADDED from src/main/AndroidManifest.xml:10:4-36
	android:configChanges
		ADDED from src/main/AndroidManifest.xml:12:5-55
	android:theme
		ADDED from src/main/AndroidManifest.xml:13:5-63
	android:name
		ADDED from src/main/AndroidManifest.xml:9:13-60
intent-filter#android.intent.action.MAIN+android.intent.category.LAUNCHER
ADDED from src/main/AndroidManifest.xml:14:4-17:20
action#android.intent.action.MAIN
ADDED from src/main/AndroidManifest.xml:15:5-57
	android:name
		ADDED from src/main/AndroidManifest.xml:15:13-54
category#android.intent.category.LAUNCHER
ADDED from src/main/AndroidManifest.xml:16:5-65
	android:name
		ADDED from src/main/AndroidManifest.xml:16:15-62
activity#edu.tufts.cs.mchow.Menu.CreditsScreen
ADDED from src/main/AndroidManifest.xml:19:3-23:64
	android:screenOrientation
		ADDED from src/main/AndroidManifest.xml:21:4-41
	android:configChanges
		ADDED from src/main/AndroidManifest.xml:22:4-54
	android:theme
		ADDED from src/main/AndroidManifest.xml:23:4-62
	android:name
		ADDED from src/main/AndroidManifest.xml:20:4-56
activity#edu.tufts.cs.mchow.Menu.HelpScreen
ADDED from src/main/AndroidManifest.xml:24:3-28:64
	android:screenOrientation
		ADDED from src/main/AndroidManifest.xml:26:4-41
	android:configChanges
		ADDED from src/main/AndroidManifest.xml:27:4-54
	android:theme
		ADDED from src/main/AndroidManifest.xml:28:4-62
	android:name
		ADDED from src/main/AndroidManifest.xml:25:4-53
activity#edu.tufts.cs.mchow.Menu.PlayMenu
ADDED from src/main/AndroidManifest.xml:29:3-34:36
	android:screenOrientation
		ADDED from src/main/AndroidManifest.xml:31:4-41
	android:configChanges
		ADDED from src/main/AndroidManifest.xml:32:4-54
	android:theme
		ADDED from src/main/AndroidManifest.xml:33:4-62
	android:name
		ADDED from src/main/AndroidManifest.xml:30:4-51
	android:launchMode
		ADDED from src/main/AndroidManifest.xml:34:4-34
activity#edu.tufts.cs.mchow.Menu.HighScoreScreen
ADDED from src/main/AndroidManifest.xml:35:3-39:64
	android:screenOrientation
		ADDED from src/main/AndroidManifest.xml:37:4-41
	android:configChanges
		ADDED from src/main/AndroidManifest.xml:38:4-54
	android:theme
		ADDED from src/main/AndroidManifest.xml:39:4-62
	android:name
		ADDED from src/main/AndroidManifest.xml:36:4-58
activity#edu.tufts.cs.mchow.Menu.WinScreen
ADDED from src/main/AndroidManifest.xml:40:3-44:64
	android:screenOrientation
		ADDED from src/main/AndroidManifest.xml:42:4-41
	android:configChanges
		ADDED from src/main/AndroidManifest.xml:43:4-54
	android:theme
		ADDED from src/main/AndroidManifest.xml:44:4-62
	android:name
		ADDED from src/main/AndroidManifest.xml:41:4-52
activity#edu.tufts.cs.mchow.Menu.LoseScreen
ADDED from src/main/AndroidManifest.xml:45:3-49:64
	android:screenOrientation
		ADDED from src/main/AndroidManifest.xml:47:4-41
	android:configChanges
		ADDED from src/main/AndroidManifest.xml:48:4-54
	android:theme
		ADDED from src/main/AndroidManifest.xml:49:4-62
	android:name
		ADDED from src/main/AndroidManifest.xml:46:4-53
activity#edu.tufts.cs.mchow.Menu.ChooseDifficultyScreen
ADDED from src/main/AndroidManifest.xml:50:3-54:64
	android:screenOrientation
		ADDED from src/main/AndroidManifest.xml:52:4-41
	android:configChanges
		ADDED from src/main/AndroidManifest.xml:53:5-55
	android:theme
		ADDED from src/main/AndroidManifest.xml:54:4-62
	android:name
		ADDED from src/main/AndroidManifest.xml:51:4-65
activity#edu.tufts.cs.mchow.Game.AndroidInvaders
ADDED from src/main/AndroidManifest.xml:55:3-59:64
	android:screenOrientation
		ADDED from src/main/AndroidManifest.xml:57:4-41
	android:configChanges
		ADDED from src/main/AndroidManifest.xml:58:4-54
	android:theme
		ADDED from src/main/AndroidManifest.xml:59:4-62
	android:name
		ADDED from src/main/AndroidManifest.xml:56:4-58
activity#edu.tufts.cs.mchow.Settings.SettingsScreen
ADDED from src/main/AndroidManifest.xml:60:3-64:64
	android:screenOrientation
		ADDED from src/main/AndroidManifest.xml:62:4-41
	android:configChanges
		ADDED from src/main/AndroidManifest.xml:63:4-54
	android:theme
		ADDED from src/main/AndroidManifest.xml:64:4-62
	android:name
		ADDED from src/main/AndroidManifest.xml:61:4-61
activity#edu.tufts.cs.mchow.Game.PlanetEndBonusActivity
ADDED from src/main/AndroidManifest.xml:65:3-69:64
	android:screenOrientation
		ADDED from src/main/AndroidManifest.xml:67:4-41
	android:configChanges
		ADDED from src/main/AndroidManifest.xml:68:4-54
	android:theme
		ADDED from src/main/AndroidManifest.xml:69:4-62
	android:name
		ADDED from src/main/AndroidManifest.xml:66:4-65
uses-sdk
ADDED from src/main/AndroidManifest.xml:73:2-41
	android:targetSdkVersion
		INJECTED from src/main/AndroidManifest.xml
		INJECTED from src/main/AndroidManifest.xml
	android:minSdkVersion
		ADDED from src/main/AndroidManifest.xml:73:12-38
		INJECTED from src/main/AndroidManifest.xml
		INJECTED from src/main/AndroidManifest.xml